SIR_LOADJOB jobname=E:\cursos\CNC\CIFO San Feliu de Llobregat\Fresadora\214\214.job jobptr=347ddfc
---> SIR_LOADJOB Succeeds
SIR_LOADJOB jobname=E:\cursos\CNC\CIFO San Feliu de Llobregat\Fresadora\214\214.job jobptr=347ddfc
---> SIR_LOADJOB Succeeds
SIR_LOADJOB jobname=E:\cursos\CNC\CIFO San Feliu de Llobregat\Fresadora\214\214.job jobptr=347ddfc
---> SIR_LOADJOB Succeeds
SIR_LOADJOB jobname=E:\cursos\CNC\CIFO San Feliu de Llobregat\Fresadora\214\214.job jobptr=347ddfc
---> SIR_LOADJOB Succeeds
SIR_LOADJOB jobname=E:\cursos\CNC\CIFO San Feliu de Llobregat\Fresadora\214\214.job jobptr=347ddfc
---> SIR_LOADJOB Succeeds
SIR_LOADJOB jobname=E:\cursos\CNC\CIFO San Feliu de Llobregat\Fresadora\214\214.job jobptr=347ddfc
---> SIR_LOADJOB Succeeds
SIR_LOADJOB jobname=E:\cursos\CNC\CIFO San Feliu de Llobregat\Fresadora\214\214.job jobptr=347ddfc
---> SIR_LOADJOB Succeeds
SIR_LOADJOB jobname=E:\cursos\CNC\CIFO San Feliu de Llobregat\Fresadora\214\214.job jobptr=347ddfc
---> SIR_LOADJOB Succeeds
SIR_LOADJOB jobname=E:\cursos\CNC\CIFO San Feliu de Llobregat\Fresadora\214\214.job jobptr=347ddfc
---> SIR_LOADJOB Succeeds
SIR_LOADJOB jobname=E:\cursos\CNC\CIFO San Feliu de Llobregat\Fresadora\214\214.job jobptr=347ddfc
---> SIR_LOADJOB Succeeds
SIR_LOADJOB jobname=E:\cursos\CNC\CIFO San Feliu de Llobregat\Fresadora\214\214.job jobptr=347ddfc
---> SIR_LOADJOB Succeeds
SIR_LOADJOB jobname=E:\cursos\CNC\CIFO San Feliu de Llobregat\Fresadora\214\214.job jobptr=353ddfc
---> SIR_LOADJOB Succeeds
SIR_LOADJOB jobname=E:\cursos\CNC\CIFO San Feliu de Llobregat\Fresadora\214\214.job jobptr=353ddfc
---> SIR_LOADJOB Succeeds
SIR_LOADJOB jobname=E:\cursos\CNC\CIFO San Feliu de Llobregat\Fresadora\214\214.job jobptr=353ddfc
---> SIR_LOADJOB Succeeds
SIR_LOADJOB jobname=E:\cursos\CNC\CIFO San Feliu de Llobregat\Fresadora\214\214.job jobptr=367ddfc
---> SIR_LOADJOB Succeeds
SIR_LOADJOB jobname=E:\cursos\CNC\CIFO San Feliu de Llobregat\Fresadora\214\214.job jobptr=367ddfc
---> SIR_LOADJOB Succeeds
SIR_LOADJOB jobname=E:\cursos\CNC\CIFO San Feliu de Llobregat\Fresadora\214\214.job jobptr=367ddfc
---> SIR_LOADJOB Succeeds
SIR_LOADJOB jobname=E:\cursos\CNC\CIFO San Feliu de Llobregat\Fresadora\214\214.job jobptr=367ddfc
---> SIR_LOADJOB Succeeds
SIR_LOADJOB jobname=E:\cursos\CNC\CIFO San Feliu de Llobregat\Fresadora\214\214.job jobptr=367ddfc
---> SIR_LOADJOB Succeeds
SIR_LOADJOB jobname=E:\cursos\CNC\CIFO San Feliu de Llobregat\Fresadora\214\214.job jobptr=367ddfc
---> SIR_LOADJOB Succeeds
SIR_LOADJOB jobname=E:\cursos\CNC\CIFO San Feliu de Llobregat\Fresadora\214\214.job jobptr=367ddfc
---> SIR_LOADJOB Succeeds
SIR_LOADJOB jobname=E:\cursos\CNC\CIFO San Feliu de Llobregat\Fresadora\214\214.job jobptr=367ddfc
---> SIR_LOADJOB Succeeds
SIR_LOADJOB jobname=E:\cursos\CNC\CIFO San Feliu de Llobregat\Fresadora\214\214.job jobptr=367ddfc
---> SIR_LOADJOB Succeeds
SIR_LOADJOB jobname=E:\cursos\CNC\CIFO San Feliu de Llobregat\Fresadora\214\214.job jobptr=367ddfc
---> SIR_LOADJOB Succeeds
SIR_LOADJOB jobname=E:\cursos\CNC\CIFO San Feliu de Llobregat\Fresadora\214\214.job jobptr=367ddfc
---> SIR_LOADJOB Succeeds
SIR_LOADJOB jobname=E:\cursos\CNC\CIFO San Feliu de Llobregat\Fresadora\214\214.job jobptr=367ddfc
---> SIR_LOADJOB Succeeds
SIR_LOADJOB jobname=E:\cursos\CNC\CIFO San Feliu de Llobregat\Fresadora\214\214.job jobptr=367ddfc
---> SIR_LOADJOB Succeeds
SIR_LOADJOB jobname=E:\cursos\CNC\CIFO San Feliu de Llobregat\Fresadora\214\214.job jobptr=367ddfc
---> SIR_LOADJOB Succeeds
SIR_LOADJOB jobname=E:\cursos\CNC\CIFO San Feliu de Llobregat\Fresadora\214\214.job jobptr=367ddfc
---> SIR_LOADJOB Succeeds
SIR_LOADJOB jobname=E:\cursos\CNC\CIFO San Feliu de Llobregat\Fresadora\214\214.job jobptr=367ddfc
---> SIR_LOADJOB Succeeds
SIR_LOADJOB jobname=E:\cursos\CNC\CIFO San Feliu de Llobregat\Fresadora\214\214.job jobptr=367ddfc
---> SIR_LOADJOB Succeeds
SIR_LOADJOB jobname=E:\cursos\CNC\CIFO San Feliu de Llobregat\Fresadora\214\214.job jobptr=367ddfc
---> SIR_LOADJOB Succeeds
SIR_LOADJOB jobname=E:\cursos\CNC\CIFO San Feliu de Llobregat\Fresadora\214\214.job jobptr=367ddfc
---> SIR_LOADJOB Succeeds
SIR_LOADJOB jobname=E:\cursos\CNC\CIFO San Feliu de Llobregat\Fresadora\214\214.job jobptr=367ddfc
---> SIR_LOADJOB Succeeds
SIR_LOADJOB jobname=E:\cursos\CNC\CIFO San Feliu de Llobregat\Fresadora\214\214.job jobptr=367ddfc
---> SIR_LOADJOB Succeeds
SIR_LOADJOB jobname=E:\cursos\CNC\CIFO San Feliu de Llobregat\Fresadora\214\214.job jobptr=367ddfc
---> SIR_LOADJOB Succeeds
SIR_LOADJOB jobname=E:\cursos\CNC\CIFO San Feliu de Llobregat\Fresadora\214\214.job jobptr=367ddfc
---> SIR_LOADJOB Succeeds
SIR_LOADJOB jobname=E:\cursos\CNC\CIFO San Feliu de Llobregat\Fresadora\214\214.job jobptr=345ddfc
---> SIR_LOADJOB Succeeds
SIR_LOADJOB jobname=E:\cursos\CNC\CIFO San Feliu de Llobregat\Fresadora\214\214.job jobptr=358ddfc
---> SIR_LOADJOB Succeeds
SIR_LOADJOB jobname=E:\cursos\CNC\CIFO San Feliu de Llobregat\Fresadora\214\214.job jobptr=350ddfc
---> SIR_LOADJOB Succeeds
SIR_LOADJOB jobname=E:\cursos\CNC\CIFO San Feliu de Llobregat\Fresadora\214\214.job jobptr=34fddfc
---> SIR_LOADJOB Succeeds
SIR_LOADJOB jobname=E:\cursos\CNC\CIFO San Feliu de Llobregat\Fresadora\214\214.job jobptr=35dddfc
---> SIR_LOADJOB Succeeds
SIR_LOADJOB jobname=E:\cursos\CNC\CIFO San Feliu de Llobregat\Fresadora\214\214.job jobptr=348ddfc
---> SIR_LOADJOB Succeeds
SIR_LOADJOB jobname=E:\cursos\CNC\CIFO San Feliu de Llobregat\Fresadora\214\214.job jobptr=364ddc8
---> SIR_LOADJOB Succeeds
SIR_LOADJOB jobname=E:\cursos\CNC\CIFO San Feliu de Llobregat\Fresadora\214\214.job jobptr=362ddc8
---> SIR_LOADJOB Succeeds
SIR_LOADJOB jobname=E:\cursos\CNC\CIFO San Feliu de Llobregat\Fresadora\214\214.job jobptr=375ddc8
---> SIR_LOADJOB Succeeds
SIR_LOADJOB jobname=E:\cursos\CNC\CIFO San Feliu de Llobregat\Fresadora\214\214.job jobptr=34cdd94
---> SIR_LOADJOB Succeeds
SIR_LOADJOB jobname=E:\cursos\CNC\CIFO San Feliu de Llobregat\Fresadora\214\214.job jobptr=34cdd94
---> SIR_LOADJOB Succeeds
SIR_LOADJOB jobname=E:\cursos\CNC\CIFO San Feliu de Llobregat\Fresadora\214\214.job jobptr=34cdd94
---> SIR_LOADJOB Succeeds
SIR_LOADJOB jobname=E:\cursos\CNC\CIFO San Feliu de Llobregat\Fresadora\214\214.job jobptr=34cdd94
---> SIR_LOADJOB Succeeds
SIR_LOADJOB jobname=E:\cursos\CNC\CIFO San Feliu de Llobregat\Fresadora\214\214.job jobptr=34cdd94
---> SIR_LOADJOB Succeeds
SIR_LOADJOB jobname=E:\cursos\CNC\CIFO San Feliu de Llobregat\Fresadora\214\214.job jobptr=34cdd94
---> SIR_LOADJOB Succeeds
SIR_LOADJOB jobname=E:\cursos\CNC\CIFO San Feliu de Llobregat\Fresadora\214\214.job jobptr=365dd94
---> SIR_LOADJOB Succeeds
SIR_LOADJOB jobname=E:\cursos\CNC\CIFO San Feliu de Llobregat\Fresadora\214\214.job jobptr=335dd94
---> SIR_LOADJOB Succeeds
SIR_LOADJOB jobname=E:\cursos\CNC\CIFO San Feliu de Llobregat\Fresadora\214\214.job jobptr=363dd94
---> SIR_LOADJOB Succeeds
SIR_LOADJOB jobname=E:\cursos\CNC\CIFO San Feliu de Llobregat\Fresadora\214\214.job jobptr=343dd94
---> SIR_LOADJOB Succeeds
SIR_LOADJOB jobname=E:\cursos\CNC\CIFO San Feliu de Llobregat\Fresadora\214\214.job jobptr=358dd94
---> SIR_LOADJOB Succeeds
SIR_LOADJOB jobname=E:\cursos\CNC\CIFO San Feliu de Llobregat\Fresadora\214\214.job jobptr=340dd94
---> SIR_LOADJOB Succeeds
SIR_LOADJOB jobname=E:\cursos\CNC\CIFO San Feliu de Llobregat\Fresadora\214\214.job jobptr=358dd94
---> SIR_LOADJOB Succeeds
SIR_LOADJOB jobname=E:\cursos\CNC\CIFO San Feliu de Llobregat\Fresadora\214\214.job jobptr=35cdd94
---> SIR_LOADJOB Succeeds
SIR_LOADJOB jobname=E:\cursos\CNC\CIFO San Feliu de Llobregat\Fresadora\214\214.job jobptr=373dd94
---> SIR_LOADJOB Succeeds
SIR_LOADJOB jobname=E:\cursos\CNC\CIFO San Feliu de Llobregat\Fresadora\214\214.job jobptr=371dd94
---> SIR_LOADJOB Succeeds
SIR_LOADJOB jobname=E:\cursos\CNC\CIFO San Feliu de Llobregat\Fresadora\214\214.job jobptr=34add94
---> SIR_LOADJOB Succeeds
SIR_LOADJOB jobname=E:\cursos\CNC\CIFO San Feliu de Llobregat\Fresadora\214\214.job jobptr=34add94
---> SIR_LOADJOB Succeeds
SIR_LOADJOB jobname=E:\cursos\CNC\CIFO San Feliu de Llobregat\Fresadora\214\214.job jobptr=34add94
---> SIR_LOADJOB Succeeds
SIR_LOADJOB jobname=E:\cursos\CNC\CIFO San Feliu de Llobregat\Fresadora\214\214.job jobptr=34add94
---> SIR_LOADJOB Succeeds
SIR_LOADJOB jobname=E:\cursos\CNC\CIFO San Feliu de Llobregat\Fresadora\214\214.job jobptr=34add94
---> SIR_LOADJOB Succeeds
SIR_LOADJOB jobname=E:\cursos\CNC\CIFO San Feliu de Llobregat\Fresadora\214\214.job jobptr=34add94
---> SIR_LOADJOB Succeeds
SIR_LOADJOB jobname=E:\cursos\CNC\CIFO San Feliu de Llobregat\Fresadora\214\214.job jobptr=34add94
---> SIR_LOADJOB Succeeds
SIR_LOADJOB jobname=E:\cursos\CNC\CIFO San Feliu de Llobregat\Fresadora\214\214.job jobptr=34add94
---> SIR_LOADJOB Succeeds
SIR_LOADJOB jobname=E:\cursos\CNC\CIFO San Feliu de Llobregat\Fresadora\214\214.job jobptr=34add94
---> SIR_LOADJOB Succeeds
SIR_LOADJOB jobname=E:\cursos\CNC\CIFO San Feliu de Llobregat\Fresadora\214\214.job jobptr=34add94
---> SIR_LOADJOB Succeeds
SIR_LOADJOB jobname=E:\cursos\CNC\CIFO San Feliu de Llobregat\Fresadora\214\214.job jobptr=34add94
---> SIR_LOADJOB Succeeds
SIR_LOADJOB jobname=F:\Fresadora\214\214.job jobptr=349dd94
---> SIR_LOADJOB Succeeds
SIR_LOADJOB jobname=E:\Fresadora\214\214.job jobptr=344e75c
---> SIR_LOADJOB Fails
SIR_LOADJOB jobname=E:\Fresadora\214\214.job jobptr=344e75c
---> SIR_LOADJOB Succeeds
SIR_LOADJOB jobname=E:\Fresadora\214\214.job jobptr=344e75c
---> SIR_LOADJOB Succeeds
SIR_LOADJOB jobname=E:\Fresadora\214\214.job jobptr=345e75c
---> SIR_LOADJOB Succeeds
SIR_LOADJOB jobname=G:\Fresadora\214\214.job jobptr=347dd48
---> SIR_LOADJOB Fails
SIR_LOADJOB jobname=G:\Fresadora\214\214.job jobptr=347dd48
---> SIR_LOADJOB Succeeds
