SIR_LOADJOB jobname=E:\cursos\CNC\CIFO San Feliu de Llobregat\Fresadora\218\218.job jobptr=35cdd94
---> SIR_LOADJOB Succeeds
SIR_LOADJOB jobname=E:\cursos\CNC\CIFO San Feliu de Llobregat\Fresadora\218\218.job jobptr=35cdd94
---> SIR_LOADJOB Succeeds
SIR_LOADJOB jobname=E:\cursos\CNC\CIFO San Feliu de Llobregat\Fresadora\218\218.job jobptr=35cdd94
---> SIR_LOADJOB Succeeds
SIR_LOADJOB jobname=E:\cursos\CNC\CIFO San Feliu de Llobregat\Fresadora\218\218.job jobptr=35cdd94
---> SIR_LOADJOB Succeeds
SIR_LOADJOB jobname=E:\cursos\CNC\CIFO San Feliu de Llobregat\Fresadora\218\218.job jobptr=35cdd94
---> SIR_LOADJOB Succeeds
SIR_LOADJOB jobname=E:\cursos\CNC\CIFO San Feliu de Llobregat\Fresadora\218\218.job jobptr=35cdd94
---> SIR_LOADJOB Succeeds
SIR_LOADJOB jobname=E:\cursos\CNC\CIFO San Feliu de Llobregat\Fresadora\218\218.job jobptr=35cdd94
---> SIR_LOADJOB Succeeds
SIR_LOADJOB jobname=E:\cursos\CNC\CIFO San Feliu de Llobregat\Fresadora\218\218.job jobptr=35cdd94
---> SIR_LOADJOB Succeeds
SIR_LOADJOB jobname=E:\cursos\CNC\CIFO San Feliu de Llobregat\Fresadora\218\218.job jobptr=35cdd94
---> SIR_LOADJOB Succeeds
SIR_LOADJOB jobname=E:\cursos\CNC\CIFO San Feliu de Llobregat\Fresadora\218\218.job jobptr=35cdd94
---> SIR_LOADJOB Succeeds
SIR_LOADJOB jobname=E:\cursos\CNC\CIFO San Feliu de Llobregat\Fresadora\218\218.job jobptr=35cdd94
---> SIR_LOADJOB Succeeds
SIR_LOADJOB jobname=E:\cursos\CNC\CIFO San Feliu de Llobregat\Fresadora\218\218.job jobptr=35cdd94
---> SIR_LOADJOB Succeeds
SIR_LOADJOB jobname=E:\cursos\CNC\CIFO San Feliu de Llobregat\Fresadora\218\218.job jobptr=35cdd94
---> SIR_LOADJOB Succeeds
SIR_LOADJOB jobname=E:\cursos\CNC\CIFO San Feliu de Llobregat\Fresadora\218\218.job jobptr=35cdd94
---> SIR_LOADJOB Succeeds
SIR_LOADJOB jobname=E:\cursos\CNC\CIFO San Feliu de Llobregat\Fresadora\218\218.job jobptr=351dd94
---> SIR_LOADJOB Succeeds
SIR_LOADJOB jobname=F:\Fresadora\218\218.job jobptr=349dd94
---> SIR_LOADJOB Succeeds
SIR_LOADJOB jobname=E:\Fresadora\218\218.job jobptr=35de75c
---> SIR_LOADJOB Fails
SIR_LOADJOB jobname=E:\Fresadora\218\218.job jobptr=35de75c
---> SIR_LOADJOB Succeeds
SIR_LOADJOB jobname=E:\Fresadora\218\218.job jobptr=35de75c
---> SIR_LOADJOB Succeeds
SIR_LOADJOB jobname=E:\Fresadora\218\218.job jobptr=35de75c
---> SIR_LOADJOB Succeeds
