SIR_LOADJOB jobname=E:\Fresadora\226\226.job jobptr=363e75c
---> SIR_LOADJOB Succeeds
SIR_LOADJOB jobname=E:\Fresadora\226\226.job jobptr=363e75c
---> SIR_LOADJOB Succeeds
SIR_LOADJOB jobname=E:\Fresadora\226\226.job jobptr=363e75c
---> SIR_LOADJOB Succeeds
SIR_LOADJOB jobname=E:\Fresadora\226\226.job jobptr=363e75c
---> SIR_LOADJOB Succeeds
SIR_LOADJOB jobname=E:\Fresadora\226\226.job jobptr=363e75c
---> SIR_LOADJOB Succeeds
SIR_LOADJOB jobname=E:\Fresadora\226\226.job jobptr=363e75c
---> SIR_LOADJOB Succeeds
SIR_LOADJOB jobname=E:\Fresadora\226\226.job jobptr=363e75c
---> SIR_LOADJOB Succeeds
SIR_LOADJOB jobname=E:\Fresadora\226\226.job jobptr=363e75c
---> SIR_LOADJOB Succeeds
SIR_LOADJOB jobname=E:\Fresadora\226\226.job jobptr=363e75c
---> SIR_LOADJOB Succeeds
SIR_LOADJOB jobname=E:\Fresadora\226\226.job jobptr=363e75c
---> SIR_LOADJOB Succeeds
SIR_LOADJOB jobname=E:\Fresadora\226\226.job jobptr=35de75c
---> SIR_LOADJOB Succeeds
SIR_LOADJOB jobname=E:\Fresadora\226\226.job jobptr=35de75c
---> SIR_LOADJOB Succeeds
SIR_LOADJOB jobname=E:\Fresadora\226\226.job jobptr=35de75c
---> SIR_LOADJOB Succeeds
SIR_LOADJOB jobname=E:\Fresadora\226\226.job jobptr=35de75c
---> SIR_LOADJOB Succeeds
SIR_LOADJOB jobname=E:\Fresadora\226\226.job jobptr=35de75c
---> SIR_LOADJOB Succeeds
SIR_LOADJOB jobname=E:\Fresadora\226\226.job jobptr=35de75c
---> SIR_LOADJOB Succeeds
SIR_LOADJOB jobname=E:\Fresadora\226\226.job jobptr=35de75c
---> SIR_LOADJOB Succeeds
SIR_LOADJOB jobname=E:\Fresadora\226\226.job jobptr=35de75c
---> SIR_LOADJOB Succeeds
SIR_LOADJOB jobname=E:\Fresadora\226\226.job jobptr=35de75c
---> SIR_LOADJOB Succeeds
SIR_LOADJOB jobname=E:\Fresadora\226\226.job jobptr=35de75c
---> SIR_LOADJOB Succeeds
SIR_LOADJOB jobname=E:\Fresadora\226 y 227\226\226.job jobptr=36ee75c
---> SIR_LOADJOB Fails
SIR_LOADJOB jobname=E:\Fresadora\226 y 227\226\226.job jobptr=36ee75c
---> SIR_LOADJOB Succeeds
SIR_LOADJOB jobname=E:\Fresadora\226 y 227\226\226.job jobptr=36ee75c
---> SIR_LOADJOB Succeeds
SIR_LOADJOB jobname=E:\Fresadora\226 y 227\226\226.job jobptr=36ee75c
---> SIR_LOADJOB Succeeds
SIR_LOADJOB jobname=E:\Fresadora\226 y 227\226\226.job jobptr=36ee75c
---> SIR_LOADJOB Succeeds
SIR_LOADJOB jobname=E:\Fresadora\226 y 227\226\226.job jobptr=36ee75c
---> SIR_LOADJOB Succeeds
SIR_LOADJOB jobname=E:\Fresadora\226 y 227\226\226.job jobptr=36ee75c
---> SIR_LOADJOB Succeeds
SIR_LOADJOB jobname=E:\Fresadora\226 y 227\226\226.job jobptr=36ee75c
---> SIR_LOADJOB Succeeds
SIR_LOADJOB jobname=E:\Fresadora\226 y 227\226\226.job jobptr=36ee75c
---> SIR_LOADJOB Succeeds
SIR_LOADJOB jobname=E:\Fresadora\226 y 227\226\226.job jobptr=36ee75c
---> SIR_LOADJOB Succeeds
SIR_LOADJOB jobname=E:\Fresadora\226 y 227\226\226.job jobptr=36ee75c
---> SIR_LOADJOB Succeeds
SIR_LOADJOB jobname=E:\Fresadora\226 y 227\226\226.job jobptr=36ee75c
---> SIR_LOADJOB Succeeds
SIR_LOADJOB jobname=E:\Fresadora\226 y 227\226\226.job jobptr=36ee75c
---> SIR_LOADJOB Succeeds
SIR_LOADJOB jobname=E:\Fresadora\226 y 227\226\226.job jobptr=36ee75c
---> SIR_LOADJOB Succeeds
SIR_LOADJOB jobname=E:\Fresadora\226 y 227\226\226.job jobptr=364e75c
---> SIR_LOADJOB Succeeds
SIR_LOADJOB jobname=E:\Fresadora\226 y 227\226\226.job jobptr=364e75c
---> SIR_LOADJOB Succeeds
SIR_LOADJOB jobname=E:\Fresadora\226 y 227\226\226.job jobptr=364e75c
---> SIR_LOADJOB Succeeds
SIR_LOADJOB jobname=E:\Fresadora\226 y 227\226\226.job jobptr=364e75c
---> SIR_LOADJOB Succeeds
SIR_LOADJOB jobname=E:\Fresadora\226 y 227\226\226.job jobptr=364e75c
---> SIR_LOADJOB Succeeds
SIR_LOADJOB jobname=E:\Fresadora\226 y 227\226\226.job jobptr=364e75c
---> SIR_LOADJOB Succeeds
SIR_LOADJOB jobname=E:\Fresadora\226 y 227\226\226.job jobptr=364e75c
---> SIR_LOADJOB Succeeds
SIR_LOADJOB jobname=E:\Fresadora\226 y 227\226\226.job jobptr=364e75c
---> SIR_LOADJOB Succeeds
SIR_LOADJOB jobname=E:\Fresadora\226 y 227\226\226.job jobptr=371e75c
---> SIR_LOADJOB Succeeds
SIR_LOADJOB jobname=E:\Fresadora\226 y 227\226\226.job jobptr=371e75c
---> SIR_LOADJOB Succeeds
SIR_LOADJOB jobname=G:\Fresadora\226 y 227\226\226.job jobptr=350dcfc
---> SIR_LOADJOB Fails
SIR_LOADJOB jobname=G:\Fresadora\226 y 227\226\226.job jobptr=350dcfc
---> SIR_LOADJOB Succeeds
SIR_LOADJOB jobname=G:\Fresadora\226 y 227\226\226.job jobptr=34cdcfc
---> SIR_LOADJOB Succeeds
SIR_LOADJOB jobname=G:\Fresadora\226 y 227\226\226.job jobptr=34cdcfc
---> SIR_LOADJOB Succeeds
SIR_LOADJOB jobname=G:\Fresadora\226 y 227\226\226.job jobptr=34cdcfc
---> SIR_LOADJOB Succeeds
SIR_LOADJOB jobname=G:\Fresadora\226 y 227\226\226.job jobptr=34cdcfc
---> SIR_LOADJOB Succeeds
SIR_LOADJOB jobname=G:\Fresadora\226 y 227\226\226.job jobptr=34cdcfc
---> SIR_LOADJOB Succeeds
SIR_LOADJOB jobname=E:\Fresadora\226 y 227\226\226.job jobptr=372e75c
---> SIR_LOADJOB Fails
SIR_LOADJOB jobname=E:\Fresadora\226 y 227\226\226.job jobptr=372e75c
---> SIR_LOADJOB Succeeds
SIR_LOADJOB jobname=E:\Fresadora\226 y 227\226\226.job jobptr=372e75c
---> SIR_LOADJOB Succeeds
SIR_LOADJOB jobname=E:\Fresadora\226 y 227\226\226.job jobptr=372e75c
---> SIR_LOADJOB Succeeds
SIR_LOADJOB jobname=E:\Fresadora\226 y 227\226\226.job jobptr=372e75c
---> SIR_LOADJOB Succeeds
SIR_LOADJOB jobname=E:\Fresadora\226 y 227\226\226.job jobptr=372e75c
---> SIR_LOADJOB Succeeds
SIR_LOADJOB jobname=E:\Fresadora\226 y 227\226\226.job jobptr=372e75c
---> SIR_LOADJOB Succeeds
SIR_LOADJOB jobname=E:\Fresadora\226 y 227\226\226.job jobptr=372e75c
---> SIR_LOADJOB Succeeds
SIR_LOADJOB jobname=E:\Fresadora\226 y 227\226\226.job jobptr=372e75c
---> SIR_LOADJOB Succeeds
SIR_LOADJOB jobname=E:\Fresadora\226 y 227\226\226.job jobptr=364e75c
---> SIR_LOADJOB Succeeds
SIR_LOADJOB jobname=E:\Fresadora\226 y 227\226\226.job jobptr=367e75c
---> SIR_LOADJOB Succeeds
SIR_LOADJOB jobname=G:\Fresadora\226 y 227\226\226.job jobptr=352dd48
---> SIR_LOADJOB Fails
SIR_LOADJOB jobname=G:\Fresadora\226 y 227\226\226.job jobptr=352dd48
---> SIR_LOADJOB Succeeds
